[2019-01-02 00:02:24 +0000] [9933] [INFO] Starting gunicorn 19.9.0
[2019-01-02 00:02:24 +0000] [9933] [INFO] Listening at: http://127.0.0.1:8000 (9933)
[2019-01-02 00:02:24 +0000] [9933] [INFO] Using worker: sync
[2019-01-02 00:02:24 +0000] [9937] [INFO] Booting worker with pid: 9937
[2019-01-02 00:49:53 +0000] [9933] [INFO] Handling signal: term
[2019-01-02 00:49:53 +0000] [9937] [INFO] Worker exiting (pid: 9937)
[2019-01-02 00:49:53 +0000] [9933] [INFO] Shutting down: Master
[2019-01-02 00:50:01 +0000] [10034] [INFO] Starting gunicorn 19.9.0
[2019-01-02 00:50:01 +0000] [10034] [INFO] Listening at: http://127.0.0.1:8000 (10034)
[2019-01-02 00:50:01 +0000] [10034] [INFO] Using worker: sync
[2019-01-02 00:50:01 +0000] [10038] [INFO] Booting worker with pid: 10038
[2019-01-02 00:50:23 +0000] [10034] [INFO] Handling signal: term
[2019-01-02 00:50:23 +0000] [10038] [INFO] Worker exiting (pid: 10038)
[2019-01-02 00:50:23 +0000] [10034] [INFO] Shutting down: Master
[2019-01-02 00:50:28 +0000] [10069] [INFO] Starting gunicorn 19.9.0
[2019-01-02 00:50:28 +0000] [10069] [INFO] Listening at: http://127.0.0.1:8000 (10069)
[2019-01-02 00:50:28 +0000] [10069] [INFO] Using worker: sync
[2019-01-02 00:50:28 +0000] [10073] [INFO] Booting worker with pid: 10073
[2019-01-02 01:41:45 +0000] [10073] [INFO] Worker reloading: /home/ubuntu/git/dotter/app.py modified
[2019-01-02 01:41:55 +0000] [10073] [INFO] Worker exiting (pid: 10073)
[2019-01-02 01:41:55 +0000] [10172] [INFO] Booting worker with pid: 10172
[2019-01-02 01:41:55 +0000] [10172] [ERROR] Exception in worker process
Traceback (most recent call last):
  File "/home/ubuntu/git/dotter/.env/local/lib/python2.7/site-packages/gunicorn/arbiter.py", line 583, in spawn_worker
    worker.init_process()
  File "/home/ubuntu/git/dotter/.env/local/lib/python2.7/site-packages/gunicorn/workers/base.py", line 129, in init_process
    self.load_wsgi()
  File "/home/ubuntu/git/dotter/.env/local/lib/python2.7/site-packages/gunicorn/workers/base.py", line 138, in load_wsgi
    self.wsgi = self.app.wsgi()
  File "/home/ubuntu/git/dotter/.env/local/lib/python2.7/site-packages/gunicorn/app/base.py", line 67, in wsgi
    self.callable = self.load()
  File "/home/ubuntu/git/dotter/.env/local/lib/python2.7/site-packages/gunicorn/app/wsgiapp.py", line 52, in load
    return self.load_wsgiapp()
  File "/home/ubuntu/git/dotter/.env/local/lib/python2.7/site-packages/gunicorn/app/wsgiapp.py", line 41, in load_wsgiapp
    return util.import_app(self.app_uri)
  File "/home/ubuntu/git/dotter/.env/local/lib/python2.7/site-packages/gunicorn/util.py", line 350, in import_app
    __import__(module)
  File "/home/ubuntu/git/dotter/app.py", line 17, in <module>
    db = SQLALCHEMY(app)
NameError: name 'SQLALCHEMY' is not defined
[2019-01-02 01:41:55 +0000] [10172] [INFO] Worker exiting (pid: 10172)
[2019-01-02 01:41:55 +0000] [10069] [INFO] Shutting down: Master
[2019-01-02 01:41:55 +0000] [10069] [INFO] Reason: Worker failed to boot.
[2019-01-02 08:14:23 +0000] [27103] [INFO] Starting gunicorn 19.9.0
[2019-01-02 08:14:23 +0000] [27103] [INFO] Listening at: http://127.0.0.1:8000 (27103)
[2019-01-02 08:14:23 +0000] [27103] [INFO] Using worker: sync
[2019-01-02 08:14:23 +0000] [27107] [INFO] Booting worker with pid: 27107
/home/ubuntu/git/dotter/.env/local/lib/python2.7/site-packages/flask_sqlalchemy/__init__.py:794: FSADeprecationWarning: SQLALCHEMY_TRACK_MODIFICATIONS adds significant overhead and will be disabled by default in the future.  Set it to True or False to suppress this warning.
  'SQLALCHEMY_TRACK_MODIFICATIONS adds significant overhead and '
[2019-01-02 08:23:31 +0000] [27103] [INFO] Handling signal: term
[2019-01-02 08:23:31 +0000] [27107] [INFO] Worker exiting (pid: 27107)
[2019-01-02 08:23:31 +0000] [27103] [INFO] Shutting down: Master
[2019-01-02 08:23:36 +0000] [27127] [INFO] Starting gunicorn 19.9.0
[2019-01-02 08:23:36 +0000] [27127] [INFO] Listening at: http://127.0.0.1:8000 (27127)
[2019-01-02 08:23:36 +0000] [27127] [INFO] Using worker: sync
[2019-01-02 08:23:36 +0000] [27131] [INFO] Booting worker with pid: 27131
/home/ubuntu/git/dotter/.env/local/lib/python2.7/site-packages/flask_sqlalchemy/__init__.py:794: FSADeprecationWarning: SQLALCHEMY_TRACK_MODIFICATIONS adds significant overhead and will be disabled by default in the future.  Set it to True or False to suppress this warning.
  'SQLALCHEMY_TRACK_MODIFICATIONS adds significant overhead and '
[2019-01-02 08:24:24 +0000] [27136] [INFO] Starting gunicorn 19.9.0
[2019-01-02 08:24:24 +0000] [27136] [ERROR] Connection in use: ('localhost', 8000)
[2019-01-02 08:24:24 +0000] [27136] [ERROR] Retrying in 1 second.
[2019-01-02 08:24:25 +0000] [27136] [ERROR] Connection in use: ('localhost', 8000)
[2019-01-02 08:24:25 +0000] [27136] [ERROR] Retrying in 1 second.
[2019-01-02 08:24:26 +0000] [27136] [ERROR] Connection in use: ('localhost', 8000)
[2019-01-02 08:24:26 +0000] [27136] [ERROR] Retrying in 1 second.
[2019-01-02 08:24:27 +0000] [27136] [ERROR] Connection in use: ('localhost', 8000)
[2019-01-02 08:24:27 +0000] [27136] [ERROR] Retrying in 1 second.
[2019-01-02 08:24:28 +0000] [27136] [ERROR] Connection in use: ('localhost', 8000)
[2019-01-02 08:24:28 +0000] [27136] [ERROR] Retrying in 1 second.
[2019-01-02 08:24:29 +0000] [27136] [ERROR] Can't connect to ('localhost', 8000)
[2019-01-02 08:24:34 +0000] [27127] [INFO] Handling signal: term
[2019-01-02 08:24:34 +0000] [27131] [INFO] Worker exiting (pid: 27131)
[2019-01-02 08:24:34 +0000] [27127] [INFO] Shutting down: Master
[2019-01-02 08:24:39 +0000] [27143] [INFO] Starting gunicorn 19.9.0
[2019-01-02 08:24:39 +0000] [27143] [INFO] Listening at: http://127.0.0.1:8000 (27143)
[2019-01-02 08:24:39 +0000] [27143] [INFO] Using worker: sync
[2019-01-02 08:24:39 +0000] [27147] [INFO] Booting worker with pid: 27147
/home/ubuntu/git/dotter/.env/local/lib/python2.7/site-packages/flask_sqlalchemy/__init__.py:794: FSADeprecationWarning: SQLALCHEMY_TRACK_MODIFICATIONS adds significant overhead and will be disabled by default in the future.  Set it to True or False to suppress this warning.
  'SQLALCHEMY_TRACK_MODIFICATIONS adds significant overhead and '
[2019-01-02 08:25:49 +0000] [27143] [INFO] Handling signal: term
[2019-01-02 08:25:49 +0000] [27147] [INFO] Worker exiting (pid: 27147)
[2019-01-02 08:25:49 +0000] [27143] [INFO] Shutting down: Master
[2019-01-02 08:25:49 +0000] [27173] [INFO] Starting gunicorn 19.9.0
[2019-01-02 08:25:49 +0000] [27173] [INFO] Listening at: http://127.0.0.1:8000 (27173)
[2019-01-02 08:25:49 +0000] [27173] [INFO] Using worker: sync
[2019-01-02 08:25:49 +0000] [27177] [INFO] Booting worker with pid: 27177
/home/ubuntu/git/dotter/.env/local/lib/python2.7/site-packages/flask_sqlalchemy/__init__.py:794: FSADeprecationWarning: SQLALCHEMY_TRACK_MODIFICATIONS adds significant overhead and will be disabled by default in the future.  Set it to True or False to suppress this warning.
  'SQLALCHEMY_TRACK_MODIFICATIONS adds significant overhead and '
[2019-01-02 08:26:28 +0000] [27173] [INFO] Handling signal: term
[2019-01-02 08:26:28 +0000] [27177] [INFO] Worker exiting (pid: 27177)
[2019-01-02 08:26:28 +0000] [27173] [INFO] Shutting down: Master
[2019-01-02 08:26:28 +0000] [27183] [INFO] Starting gunicorn 19.9.0
[2019-01-02 08:26:28 +0000] [27183] [INFO] Listening at: http://127.0.0.1:8000 (27183)
[2019-01-02 08:26:28 +0000] [27183] [INFO] Using worker: sync
[2019-01-02 08:26:28 +0000] [27187] [INFO] Booting worker with pid: 27187
/home/ubuntu/git/dotter/.env/local/lib/python2.7/site-packages/flask_sqlalchemy/__init__.py:794: FSADeprecationWarning: SQLALCHEMY_TRACK_MODIFICATIONS adds significant overhead and will be disabled by default in the future.  Set it to True or False to suppress this warning.
  'SQLALCHEMY_TRACK_MODIFICATIONS adds significant overhead and '
[2019-01-02 08:27:14 +0000] [27183] [INFO] Handling signal: term
[2019-01-02 08:27:14 +0000] [27187] [INFO] Worker exiting (pid: 27187)
[2019-01-02 08:27:14 +0000] [27183] [INFO] Shutting down: Master
[2019-01-02 08:27:14 +0000] [27192] [INFO] Starting gunicorn 19.9.0
[2019-01-02 08:27:14 +0000] [27192] [INFO] Listening at: http://127.0.0.1:8000 (27192)
[2019-01-02 08:27:14 +0000] [27192] [INFO] Using worker: sync
[2019-01-02 08:27:14 +0000] [27196] [INFO] Booting worker with pid: 27196
/home/ubuntu/git/dotter/.env/local/lib/python2.7/site-packages/flask_sqlalchemy/__init__.py:794: FSADeprecationWarning: SQLALCHEMY_TRACK_MODIFICATIONS adds significant overhead and will be disabled by default in the future.  Set it to True or False to suppress this warning.
  'SQLALCHEMY_TRACK_MODIFICATIONS adds significant overhead and '
[2019-01-02 08:28:28 +0000] [27192] [INFO] Handling signal: term
[2019-01-02 08:28:28 +0000] [27196] [INFO] Worker exiting (pid: 27196)
[2019-01-02 08:28:28 +0000] [27192] [INFO] Shutting down: Master
[2019-01-02 08:28:28 +0000] [27201] [INFO] Starting gunicorn 19.9.0
[2019-01-02 08:28:28 +0000] [27201] [INFO] Listening at: http://127.0.0.1:8000 (27201)
[2019-01-02 08:28:28 +0000] [27201] [INFO] Using worker: sync
[2019-01-02 08:28:28 +0000] [27205] [INFO] Booting worker with pid: 27205
/home/ubuntu/git/dotter/.env/local/lib/python2.7/site-packages/flask_sqlalchemy/__init__.py:794: FSADeprecationWarning: SQLALCHEMY_TRACK_MODIFICATIONS adds significant overhead and will be disabled by default in the future.  Set it to True or False to suppress this warning.
  'SQLALCHEMY_TRACK_MODIFICATIONS adds significant overhead and '
[2019-01-02 08:30:06 +0000] [27201] [INFO] Handling signal: term
[2019-01-02 08:30:06 +0000] [27205] [INFO] Worker exiting (pid: 27205)
[2019-01-02 08:30:06 +0000] [27201] [INFO] Shutting down: Master
[2019-01-02 08:30:06 +0000] [27211] [INFO] Starting gunicorn 19.9.0
[2019-01-02 08:30:06 +0000] [27211] [INFO] Listening at: http://127.0.0.1:8000 (27211)
[2019-01-02 08:30:06 +0000] [27211] [INFO] Using worker: sync
[2019-01-02 08:30:06 +0000] [27215] [INFO] Booting worker with pid: 27215
/home/ubuntu/git/dotter/.env/local/lib/python2.7/site-packages/flask_sqlalchemy/__init__.py:794: FSADeprecationWarning: SQLALCHEMY_TRACK_MODIFICATIONS adds significant overhead and will be disabled by default in the future.  Set it to True or False to suppress this warning.
  'SQLALCHEMY_TRACK_MODIFICATIONS adds significant overhead and '
[2019-01-02 08:33:57 +0000] [27211] [INFO] Handling signal: term
[2019-01-02 08:33:57 +0000] [27215] [INFO] Worker exiting (pid: 27215)
[2019-01-02 08:33:57 +0000] [27211] [INFO] Shutting down: Master
[2019-01-02 08:33:57 +0000] [27222] [INFO] Starting gunicorn 19.9.0
[2019-01-02 08:33:57 +0000] [27222] [INFO] Listening at: http://127.0.0.1:8000 (27222)
[2019-01-02 08:33:57 +0000] [27222] [INFO] Using worker: sync
[2019-01-02 08:33:57 +0000] [27226] [INFO] Booting worker with pid: 27226
/home/ubuntu/git/dotter/.env/local/lib/python2.7/site-packages/flask_sqlalchemy/__init__.py:794: FSADeprecationWarning: SQLALCHEMY_TRACK_MODIFICATIONS adds significant overhead and will be disabled by default in the future.  Set it to True or False to suppress this warning.
  'SQLALCHEMY_TRACK_MODIFICATIONS adds significant overhead and '
[2019-01-02 08:34:39 +0000] [27222] [INFO] Handling signal: term
[2019-01-02 08:34:39 +0000] [27226] [INFO] Worker exiting (pid: 27226)
[2019-01-02 08:34:39 +0000] [27222] [INFO] Shutting down: Master
[2019-01-02 08:34:39 +0000] [27231] [INFO] Starting gunicorn 19.9.0
[2019-01-02 08:34:39 +0000] [27231] [INFO] Listening at: http://127.0.0.1:8000 (27231)
[2019-01-02 08:34:39 +0000] [27231] [INFO] Using worker: sync
[2019-01-02 08:34:39 +0000] [27235] [INFO] Booting worker with pid: 27235
/home/ubuntu/git/dotter/.env/local/lib/python2.7/site-packages/flask_sqlalchemy/__init__.py:794: FSADeprecationWarning: SQLALCHEMY_TRACK_MODIFICATIONS adds significant overhead and will be disabled by default in the future.  Set it to True or False to suppress this warning.
  'SQLALCHEMY_TRACK_MODIFICATIONS adds significant overhead and '
[2019-01-02 08:37:22 +0000] [27231] [INFO] Handling signal: term
[2019-01-02 08:37:22 +0000] [27235] [INFO] Worker exiting (pid: 27235)
[2019-01-02 08:37:22 +0000] [27231] [INFO] Shutting down: Master
[2019-01-02 08:37:22 +0000] [27240] [INFO] Starting gunicorn 19.9.0
[2019-01-02 08:37:22 +0000] [27240] [INFO] Listening at: http://127.0.0.1:8000 (27240)
[2019-01-02 08:37:22 +0000] [27240] [INFO] Using worker: sync
[2019-01-02 08:37:22 +0000] [27244] [INFO] Booting worker with pid: 27244
/home/ubuntu/git/dotter/.env/local/lib/python2.7/site-packages/flask_sqlalchemy/__init__.py:794: FSADeprecationWarning: SQLALCHEMY_TRACK_MODIFICATIONS adds significant overhead and will be disabled by default in the future.  Set it to True or False to suppress this warning.
  'SQLALCHEMY_TRACK_MODIFICATIONS adds significant overhead and '
[2019-01-02 08:46:22 +0000] [27240] [INFO] Handling signal: term
[2019-01-02 08:46:22 +0000] [27244] [INFO] Worker exiting (pid: 27244)
[2019-01-02 08:46:22 +0000] [27240] [INFO] Shutting down: Master
[2019-01-02 08:46:23 +0000] [27249] [INFO] Starting gunicorn 19.9.0
[2019-01-02 08:46:23 +0000] [27249] [INFO] Listening at: http://127.0.0.1:8000 (27249)
[2019-01-02 08:46:23 +0000] [27249] [INFO] Using worker: sync
[2019-01-02 08:46:23 +0000] [27253] [INFO] Booting worker with pid: 27253
/home/ubuntu/git/dotter/.env/local/lib/python2.7/site-packages/flask_sqlalchemy/__init__.py:794: FSADeprecationWarning: SQLALCHEMY_TRACK_MODIFICATIONS adds significant overhead and will be disabled by default in the future.  Set it to True or False to suppress this warning.
  'SQLALCHEMY_TRACK_MODIFICATIONS adds significant overhead and '
[2019-01-02 09:05:39 +0000] [27253] [INFO] Worker reloading: /home/ubuntu/git/dotter/app.py modified
[2019-01-02 09:05:42 +0000] [27249] [INFO] Handling signal: term
[2019-01-02 09:05:42 +0000] [27253] [INFO] Worker exiting (pid: 27253)
[2019-01-02 09:05:42 +0000] [27249] [INFO] Shutting down: Master
[2019-01-02 09:05:43 +0000] [27264] [INFO] Starting gunicorn 19.9.0
[2019-01-02 09:05:43 +0000] [27264] [INFO] Listening at: http://127.0.0.1:8000 (27264)
[2019-01-02 09:05:43 +0000] [27264] [INFO] Using worker: sync
[2019-01-02 09:05:43 +0000] [27268] [INFO] Booting worker with pid: 27268
/home/ubuntu/git/dotter/.env/local/lib/python2.7/site-packages/flask_sqlalchemy/__init__.py:794: FSADeprecationWarning: SQLALCHEMY_TRACK_MODIFICATIONS adds significant overhead and will be disabled by default in the future.  Set it to True or False to suppress this warning.
  'SQLALCHEMY_TRACK_MODIFICATIONS adds significant overhead and '
[2019-01-02 09:07:24 +0000] [27264] [INFO] Handling signal: term
[2019-01-02 09:07:24 +0000] [27268] [INFO] Worker exiting (pid: 27268)
[2019-01-02 09:07:24 +0000] [27264] [INFO] Shutting down: Master
[2019-01-02 09:07:24 +0000] [27273] [INFO] Starting gunicorn 19.9.0
[2019-01-02 09:07:24 +0000] [27273] [INFO] Listening at: http://127.0.0.1:8000 (27273)
[2019-01-02 09:07:24 +0000] [27273] [INFO] Using worker: sync
[2019-01-02 09:07:24 +0000] [27277] [INFO] Booting worker with pid: 27277
/home/ubuntu/git/dotter/.env/local/lib/python2.7/site-packages/flask_sqlalchemy/__init__.py:794: FSADeprecationWarning: SQLALCHEMY_TRACK_MODIFICATIONS adds significant overhead and will be disabled by default in the future.  Set it to True or False to suppress this warning.
  'SQLALCHEMY_TRACK_MODIFICATIONS adds significant overhead and '
